# JRE version: Java(TM) SE Runtime Environment (15.0.2+7) (build 15.0.2+7-27)
# Java VM: Java HotSpot(TM) 64-Bit Server VM (15.0.2+7-27, mixed mode, sharing, tiered, compressed oops, g1 gc, windows-amd64)
GC Precious Log:
 CPUs: 4 total, 4 available
 Memory: 16239M
 Large Page Support: Disabled
 NUMA Support: Disabled
 Compressed Oops: Enabled (Zero based)
 Heap Region Size: 2M
 Heap Min Capacity: 8M
 Heap Initial Capacity: 254M
 Heap Max Capacity: 4060M
 Pre-touch: Disabled
 Parallel Workers: 4
 Concurrent Workers: 1
 Concurrent Refinement Workers: 4
 Periodic GC: Disabled
Heap:
 garbage-first heap   total 49152K, used 25928K [0x0000000702400000, 0x0000000800000000)
  region size 2048K, 7 young (14336K), 1 survivors (2048K)
 Metaspace       used 35172K, capacity 35555K, committed 35708K, reserved 1081344K
  class space    used 4389K, capacity 4518K, committed 4608K, reserved 1048576K
GC Heap History (15 events):
Event: 0.793 GC heap before
{Heap before GC invocations=0 (full 0):
 garbage-first heap   total 260096K, used 10240K [0x0000000702400000, 0x0000000800000000)
  region size 2048K, 6 young (12288K), 0 survivors (0K)
 Metaspace       used 3246K, capacity 5795K, committed 6016K, reserved 1056768K
  class space    used 318K, capacity 565K, committed 640K, reserved 1048576K
}
Event: 0.802 GC heap after
{Heap after GC invocations=1 (full 0):
 garbage-first heap   total 260096K, used 4048K [0x0000000702400000, 0x0000000800000000)
  region size 2048K, 1 young (2048K), 1 survivors (2048K)
 Metaspace       used 3246K, capacity 5795K, committed 6016K, reserved 1056768K
  class space    used 318K, capacity 565K, committed 640K, reserved 1048576K
}
Event: 1.423 GC heap before
{Heap before GC invocations=1 (full 0):
 garbage-first heap   total 260096K, used 14288K [0x0000000702400000, 0x0000000800000000)
  region size 2048K, 6 young (12288K), 1 survivors (2048K)
 Metaspace       used 6530K, capacity 7736K, committed 7808K, reserved 1056768K
  class space    used 738K, capacity 846K, committed 896K, reserved 1048576K
}
Event: 1.427 GC heap after
{Heap after GC invocations=2 (full 0):
 garbage-first heap   total 260096K, used 5308K [0x0000000702400000, 0x0000000800000000)
  region size 2048K, 1 young (2048K), 1 survivors (2048K)
 Metaspace       used 6530K, capacity 7736K, committed 7808K, reserved 1056768K
  class space    used 738K, capacity 846K, committed 896K, reserved 1048576K
}
Event: 2.320 GC heap before
{Heap before GC invocations=2 (full 0):
 garbage-first heap   total 260096K, used 27836K [0x0000000702400000, 0x0000000800000000)
  region size 2048K, 12 young (24576K), 1 survivors (2048K)
 Metaspace       used 12619K, capacity 12805K, committed 12928K, reserved 1060864K
  class space    used 1582K, capacity 1656K, committed 1664K, reserved 1048576K
}
Event: 2.325 GC heap after
{Heap after GC invocations=3 (full 0):
 garbage-first heap   total 260096K, used 6733K [0x0000000702400000, 0x0000000800000000)
  region size 2048K, 2 young (4096K), 2 survivors (4096K)
 Metaspace       used 12619K, capacity 12805K, committed 12928K, reserved 1060864K
  class space    used 1582K, capacity 1656K, committed 1664K, reserved 1048576K
}
Event: 3.800 GC heap before
{Heap before GC invocations=3 (full 0):
 garbage-first heap   total 260096K, used 64077K [0x0000000702400000, 0x0000000800000000)
  region size 2048K, 31 young (63488K), 2 survivors (4096K)
 Metaspace       used 20923K, capacity 21173K, committed 21296K, reserved 1069056K
  class space    used 2604K, capacity 2686K, committed 2688K, reserved 1048576K
}
Event: 3.809 GC heap after
{Heap after GC invocations=4 (full 0):
 garbage-first heap   total 260096K, used 9593K [0x0000000702400000, 0x0000000800000000)
  region size 2048K, 3 young (6144K), 3 survivors (6144K)
 Metaspace       used 20923K, capacity 21173K, committed 21296K, reserved 1069056K
  class space    used 2604K, capacity 2686K, committed 2688K, reserved 1048576K
}
Event: 4.712 GC heap before
{Heap before GC invocations=5 (full 0):
 garbage-first heap   total 49152K, used 32121K [0x0000000702400000, 0x0000000800000000)
  region size 2048K, 14 young (28672K), 3 survivors (6144K)
 Metaspace       used 24877K, capacity 25206K, committed 25520K, reserved 1071104K
  class space    used 3150K, capacity 3258K, committed 3328K, reserved 1048576K
}
Event: 4.727 GC heap after
{Heap after GC invocations=6 (full 0):
 garbage-first heap   total 49152K, used 11423K [0x0000000702400000, 0x0000000800000000)
  region size 2048K, 2 young (4096K), 2 survivors (4096K)
 Metaspace       used 24877K, capacity 25206K, committed 25520K, reserved 1071104K
  class space    used 3150K, capacity 3258K, committed 3328K, reserved 1048576K
}
Event: 5.516 GC heap before
{Heap before GC invocations=6 (full 0):
 garbage-first heap   total 49152K, used 31903K [0x0000000702400000, 0x0000000800000000)
  region size 2048K, 12 young (24576K), 2 survivors (4096K)
 Metaspace       used 29224K, capacity 29614K, committed 29872K, reserved 1075200K
  class space    used 3621K, capacity 3746K, committed 3840K, reserved 1048576K
}
Event: 5.523 GC heap after
{Heap after GC invocations=7 (full 0):
 garbage-first heap   total 49152K, used 12553K [0x0000000702400000, 0x0000000800000000)
  region size 2048K, 2 young (4096K), 2 survivors (4096K)
 Metaspace       used 29224K, capacity 29614K, committed 29872K, reserved 1075200K
  class space    used 3621K, capacity 3746K, committed 3840K, reserved 1048576K
}
Event: 6.592 GC heap before
{Heap before GC invocations=7 (full 0):
 garbage-first heap   total 49152K, used 33033K [0x0000000702400000, 0x0000000800000000)
  region size 2048K, 12 young (24576K), 2 survivors (4096K)
 Metaspace       used 32364K, capacity 32767K, committed 33072K, reserved 1079296K
  class space    used 4017K, capacity 4123K, committed 4224K, reserved 1048576K
}
Event: 6.602 GC heap after
{Heap after GC invocations=8 (full 0):
 garbage-first heap   total 49152K, used 14845K [0x0000000702400000, 0x0000000800000000)
  region size 2048K, 2 young (4096K), 2 survivors (4096K)
 Metaspace       used 32364K, capacity 32767K, committed 33072K, reserved 1079296K
  class space    used 4017K, capacity 4123K, committed 4224K, reserved 1048576K
}
Event: 29.225 GC heap before
{Heap before GC invocations=8 (full 0):
 garbage-first heap   total 49152K, used 23037K [0x0000000702400000, 0x0000000800000000)
  region size 2048K, 8 young (16384K), 2 survivors (4096K)
 Metaspace       used 35172K, capacity 35555K, committed 35708K, reserved 1081344K
  class space    used 4389K, capacity 4518K, committed 4608K, reserved 1048576K
}

